2018-09-26
Dando o pull.. 
From https://github.com/TopZeraProductions/LINSQL
 * branch            master     -> FETCH_HEAD
Already up to date.
Status.. 
No ramo master
Your branch is up to date with 'origin/master'.

Changes not staged for commit:
  (utilize "git add/rm <arquivo>..." para atualizar o que será submetido)
  (utilize "git checkout -- <arquivo>..." para descartar mudanças no diretório de trabalho)

	deleted:    ProjetoLMS-v0.1.sql

Arquivos não monitorados:
  (utilize "git add <arquivo>..." para incluir o que será submetido)

	atividadesContinuas/
	logGit.log

nenhuma modificação adicionada à submissão (utilize "git add" e/ou "git commit -a")
Add to stage area.. 
commiting.. 
[master a4accfc] Up
 5 files changed, 181 insertions(+)
 rename ProjetoLMS-v0.1.sql => atividadesContinuas/ac-04/ProjetoLMS-v0.1.sql (100%)
 create mode 100644 atividadesContinuas/ac-05/creates/correcaoAc2.sql
 create mode 100644 atividadesContinuas/ac-05/creates/correcaoAc4.sql
 create mode 100644 atividadesContinuas/ac-05/inserts/inserts.sql
 create mode 100644 logGit.log
pushing:.. 
To https://github.com/TopZeraProductions/LINSQL.git
   f222a69..a4accfc  master -> master
done
